# JRE version: OpenJDK Runtime Environment (11.0.15) (build 11.0.15+0-b2043.56-8887301)
# Java VM: OpenJDK 64-Bit Server VM (11.0.15+0-b2043.56-8887301, mixed mode, tiered, compressed oops, g1 gc, windows-amd64)
Heap:
 garbage-first heap   total 435200K, used 333064K [0x0000000080000000, 0x0000000100000000)
  region size 1024K, 115 young (117760K), 7 survivors (7168K)
 Metaspace       used 115173K, capacity 118491K, committed 118684K, reserved 1150976K
  class space    used 14981K, capacity 16270K, committed 16364K, reserved 1048576K
GC Heap History (20 events):
Event: 62.955 GC heap before
{Heap before GC invocations=69 (full 0):
 garbage-first heap   total 206848K, used 170621K [0x0000000080000000, 0x0000000100000000)
  region size 1024K, 21 young (21504K), 4 survivors (4096K)
 Metaspace       used 104724K, capacity 107529K, committed 107676K, reserved 1142784K
  class space    used 13656K, capacity 14742K, committed 14828K, reserved 1048576K
}
Event: 62.988 GC heap after
{Heap after GC invocations=70 (full 0):
 garbage-first heap   total 292864K, used 160768K [0x0000000080000000, 0x0000000100000000)
  region size 1024K, 3 young (3072K), 3 survivors (3072K)
 Metaspace       used 104724K, capacity 107529K, committed 107676K, reserved 1142784K
  class space    used 13656K, capacity 14742K, committed 14828K, reserved 1048576K
}
Event: 64.018 GC heap before
{Heap before GC invocations=71 (full 0):
 garbage-first heap   total 292864K, used 201728K [0x0000000080000000, 0x0000000100000000)
  region size 1024K, 43 young (44032K), 3 survivors (3072K)
 Metaspace       used 104820K, capacity 107606K, committed 107932K, reserved 1142784K
  class space    used 13657K, capacity 14744K, committed 14828K, reserved 1048576K
}
Event: 64.072 GC heap after
{Heap after GC invocations=72 (full 0):
 garbage-first heap   total 292864K, used 181248K [0x0000000080000000, 0x0000000100000000)
  region size 1024K, 6 young (6144K), 6 survivors (6144K)
 Metaspace       used 104820K, capacity 107606K, committed 107932K, reserved 1142784K
  class space    used 13657K, capacity 14744K, committed 14828K, reserved 1048576K
}
Event: 64.414 GC heap before
{Heap before GC invocations=72 (full 0):
 garbage-first heap   total 292864K, used 215040K [0x0000000080000000, 0x0000000100000000)
  region size 1024K, 40 young (40960K), 6 survivors (6144K)
 Metaspace       used 104828K, capacity 107606K, committed 107932K, reserved 1142784K
  class space    used 13657K, capacity 14744K, committed 14828K, reserved 1048576K
}
Event: 64.471 GC heap after
{Heap after GC invocations=73 (full 0):
 garbage-first heap   total 292864K, used 199680K [0x0000000080000000, 0x0000000100000000)
  region size 1024K, 5 young (5120K), 5 survivors (5120K)
 Metaspace       used 104828K, capacity 107606K, committed 107932K, reserved 1142784K
  class space    used 13657K, capacity 14744K, committed 14828K, reserved 1048576K
}
Event: 66.011 GC heap before
{Heap before GC invocations=74 (full 0):
 garbage-first heap   total 292864K, used 227328K [0x0000000080000000, 0x0000000100000000)
  region size 1024K, 32 young (32768K), 5 survivors (5120K)
 Metaspace       used 107498K, capacity 110441K, committed 110620K, reserved 1144832K
  class space    used 14012K, capacity 15128K, committed 15212K, reserved 1048576K
}
Event: 66.032 GC heap after
{Heap after GC invocations=75 (full 0):
 garbage-first heap   total 292864K, used 203776K [0x0000000080000000, 0x0000000100000000)
  region size 1024K, 3 young (3072K), 3 survivors (3072K)
 Metaspace       used 107498K, capacity 110441K, committed 110620K, reserved 1144832K
  class space    used 14012K, capacity 15128K, committed 15212K, reserved 1048576K
}
Event: 66.820 GC heap before
{Heap before GC invocations=75 (full 0):
 garbage-first heap   total 292864K, used 231424K [0x0000000080000000, 0x0000000100000000)
  region size 1024K, 30 young (30720K), 3 survivors (3072K)
 Metaspace       used 108230K, capacity 111275K, committed 111516K, reserved 1144832K
  class space    used 14130K, capacity 15320K, committed 15340K, reserved 1048576K
}
Event: 66.850 GC heap after
{Heap after GC invocations=76 (full 0):
 garbage-first heap   total 435200K, used 207872K [0x0000000080000000, 0x0000000100000000)
  region size 1024K, 4 young (4096K), 4 survivors (4096K)
 Metaspace       used 108230K, capacity 111275K, committed 111516K, reserved 1144832K
  class space    used 14130K, capacity 15320K, committed 15340K, reserved 1048576K
}
Event: 70.001 GC heap before
{Heap before GC invocations=77 (full 0):
 garbage-first heap   total 435200K, used 281600K [0x0000000080000000, 0x0000000100000000)
  region size 1024K, 74 young (75776K), 4 survivors (4096K)
 Metaspace       used 109060K, capacity 112160K, committed 112412K, reserved 1146880K
  class space    used 14214K, capacity 15430K, committed 15468K, reserved 1048576K
}
Event: 70.034 GC heap after
{Heap after GC invocations=78 (full 0):
 garbage-first heap   total 435200K, used 214762K [0x0000000080000000, 0x0000000100000000)
  region size 1024K, 8 young (8192K), 8 survivors (8192K)
 Metaspace       used 109060K, capacity 112160K, committed 112412K, reserved 1146880K
  class space    used 14214K, capacity 15430K, committed 15468K, reserved 1048576K
}
Event: 70.495 GC heap before
{Heap before GC invocations=78 (full 0):
 garbage-first heap   total 435200K, used 227050K [0x0000000080000000, 0x0000000100000000)
  region size 1024K, 21 young (21504K), 8 survivors (8192K)
 Metaspace       used 109223K, capacity 112329K, committed 112412K, reserved 1146880K
  class space    used 14228K, capacity 15444K, committed 15468K, reserved 1048576K
}
Event: 70.525 GC heap after
{Heap after GC invocations=79 (full 0):
 garbage-first heap   total 435200K, used 214001K [0x0000000080000000, 0x0000000100000000)
  region size 1024K, 3 young (3072K), 3 survivors (3072K)
 Metaspace       used 109223K, capacity 112329K, committed 112412K, reserved 1146880K
  class space    used 14228K, capacity 15444K, committed 15468K, reserved 1048576K
}
Event: 71.458 GC heap before
{Heap before GC invocations=79 (full 0):
 garbage-first heap   total 435200K, used 303089K [0x0000000080000000, 0x0000000100000000)
  region size 1024K, 84 young (86016K), 3 survivors (3072K)
 Metaspace       used 109405K, capacity 112507K, committed 112668K, reserved 1146880K
  class space    used 14249K, capacity 15458K, committed 15468K, reserved 1048576K
}
Event: 71.503 GC heap after
{Heap after GC invocations=80 (full 0):
 garbage-first heap   total 435200K, used 232671K [0x0000000080000000, 0x0000000100000000)
  region size 1024K, 11 young (11264K), 11 survivors (11264K)
 Metaspace       used 109405K, capacity 112507K, committed 112668K, reserved 1146880K
  class space    used 14249K, capacity 15458K, committed 15468K, reserved 1048576K
}
Event: 73.689 GC heap before
{Heap before GC invocations=81 (full 0):
 garbage-first heap   total 435200K, used 348383K [0x0000000080000000, 0x0000000100000000)
  region size 1024K, 100 young (102400K), 11 survivors (11264K)
 Metaspace       used 110083K, capacity 113254K, committed 113564K, reserved 1146880K
  class space    used 14297K, capacity 15521K, committed 15596K, reserved 1048576K
}
Event: 73.709 GC heap after
{Heap after GC invocations=82 (full 0):
 garbage-first heap   total 435200K, used 220684K [0x0000000080000000, 0x0000000100000000)
  region size 1024K, 5 young (5120K), 5 survivors (5120K)
 Metaspace       used 110083K, capacity 113254K, committed 113564K, reserved 1146880K
  class space    used 14297K, capacity 15521K, committed 15596K, reserved 1048576K
}
Event: 75.653 GC heap before
{Heap before GC invocations=82 (full 0):
 garbage-first heap   total 435200K, used 338444K [0x0000000080000000, 0x0000000100000000)
  region size 1024K, 119 young (121856K), 5 survivors (5120K)
 Metaspace       used 112738K, capacity 115912K, committed 116124K, reserved 1148928K
  class space    used 14611K, capacity 15829K, committed 15852K, reserved 1048576K
}
Event: 75.669 GC heap after
{Heap after GC invocations=83 (full 0):
 garbage-first heap   total 435200K, used 224520K [0x0000000080000000, 0x0000000100000000)
  region size 1024K, 7 young (7168K), 7 survivors (7168K)
 Metaspace       used 112738K, capacity 115912K, committed 116124K, reserved 1148928K
  class space    used 14611K, capacity 15829K, committed 15852K, reserved 1048576K
}

