# JRE version: OpenJDK Runtime Environment (11.0.15) (build 11.0.15+0-b2043.56-8887301)
# Java VM: OpenJDK 64-Bit Server VM (11.0.15+0-b2043.56-8887301, mixed mode, tiered, compressed oops, g1 gc, windows-amd64)
Heap:
 garbage-first heap   total 521216K, used 319337K [0x0000000080000000, 0x0000000100000000)
  region size 1024K, 1 young (1024K), 1 survivors (1024K)
 Metaspace       used 142337K, capacity 146246K, committed 146384K, reserved 1175552K
  class space    used 17985K, capacity 19469K, committed 19532K, reserved 1048576K
GC Heap History (20 events):
Event: 1833.002 GC heap after
{Heap after GC invocations=152 (full 0):
 garbage-first heap   total 331776K, used 284609K [0x0000000080000000, 0x0000000100000000)
  region size 1024K, 3 young (3072K), 3 survivors (3072K)
 Metaspace       used 136732K, capacity 140434K, committed 140752K, reserved 1171456K
  class space    used 17073K, capacity 18416K, committed 18508K, reserved 1048576K
}
Event: 1833.645 GC heap before
{Heap before GC invocations=152 (full 0):
 garbage-first heap   total 331776K, used 298945K [0x0000000080000000, 0x0000000100000000)
  region size 1024K, 16 young (16384K), 3 survivors (3072K)
 Metaspace       used 136795K, capacity 140333K, committed 140752K, reserved 1171456K
  class space    used 17071K, capacity 18394K, committed 18508K, reserved 1048576K
}
Event: 1833.661 GC heap after
{Heap after GC invocations=153 (full 0):
 garbage-first heap   total 331776K, used 279262K [0x0000000080000000, 0x0000000100000000)
  region size 1024K, 2 young (2048K), 2 survivors (2048K)
 Metaspace       used 136795K, capacity 140333K, committed 140752K, reserved 1171456K
  class space    used 17071K, capacity 18394K, committed 18508K, reserved 1048576K
}
Event: 1833.893 GC heap before
{Heap before GC invocations=154 (full 0):
 garbage-first heap   total 331776K, used 292574K [0x0000000080000000, 0x0000000100000000)
  region size 1024K, 16 young (16384K), 2 survivors (2048K)
 Metaspace       used 136836K, capacity 140397K, committed 141008K, reserved 1171456K
  class space    used 17075K, capacity 18394K, committed 18508K, reserved 1048576K
}
Event: 1833.916 GC heap after
{Heap after GC invocations=155 (full 0):
 garbage-first heap   total 331776K, used 285007K [0x0000000080000000, 0x0000000100000000)
  region size 1024K, 2 young (2048K), 2 survivors (2048K)
 Metaspace       used 136836K, capacity 140397K, committed 141008K, reserved 1171456K
  class space    used 17075K, capacity 18394K, committed 18508K, reserved 1048576K
}
Event: 1834.248 GC heap before
{Heap before GC invocations=155 (full 0):
 garbage-first heap   total 331776K, used 299343K [0x0000000080000000, 0x0000000100000000)
  region size 1024K, 16 young (16384K), 2 survivors (2048K)
 Metaspace       used 136889K, capacity 140470K, committed 141008K, reserved 1171456K
  class space    used 17083K, capacity 18397K, committed 18508K, reserved 1048576K
}
Event: 1834.285 GC heap after
{Heap after GC invocations=156 (full 0):
 garbage-first heap   total 331776K, used 261729K [0x0000000080000000, 0x0000000100000000)
  region size 1024K, 2 young (2048K), 2 survivors (2048K)
 Metaspace       used 136889K, capacity 140470K, committed 141008K, reserved 1171456K
  class space    used 17083K, capacity 18397K, committed 18508K, reserved 1048576K
}
Event: 1834.752 GC heap before
{Heap before GC invocations=156 (full 0):
 garbage-first heap   total 331776K, used 277089K [0x0000000080000000, 0x0000000100000000)
  region size 1024K, 16 young (16384K), 2 survivors (2048K)
 Metaspace       used 138004K, capacity 141654K, committed 142032K, reserved 1173504K
  class space    used 17322K, capacity 18669K, committed 18764K, reserved 1048576K
}
Event: 1834.786 GC heap after
{Heap after GC invocations=157 (full 0):
 garbage-first heap   total 331776K, used 265569K [0x0000000080000000, 0x0000000100000000)
  region size 1024K, 2 young (2048K), 2 survivors (2048K)
 Metaspace       used 138004K, capacity 141654K, committed 142032K, reserved 1173504K
  class space    used 17322K, capacity 18669K, committed 18764K, reserved 1048576K
}
Event: 1835.442 GC heap before
{Heap before GC invocations=157 (full 0):
 garbage-first heap   total 331776K, used 280929K [0x0000000080000000, 0x0000000100000000)
  region size 1024K, 17 young (17408K), 2 survivors (2048K)
 Metaspace       used 139237K, capacity 142874K, committed 143312K, reserved 1173504K
  class space    used 17552K, capacity 18922K, committed 19020K, reserved 1048576K
}
Event: 1835.464 GC heap after
{Heap after GC invocations=158 (full 0):
 garbage-first heap   total 331776K, used 272384K [0x0000000080000000, 0x0000000100000000)
  region size 1024K, 3 young (3072K), 3 survivors (3072K)
 Metaspace       used 139237K, capacity 142874K, committed 143312K, reserved 1173504K
  class space    used 17552K, capacity 18922K, committed 19020K, reserved 1048576K
}
Event: 1835.582 GC heap before
{Heap before GC invocations=158 (full 0):
 garbage-first heap   total 331776K, used 285696K [0x0000000080000000, 0x0000000100000000)
  region size 1024K, 16 young (16384K), 3 survivors (3072K)
 Metaspace       used 139275K, capacity 142942K, committed 143312K, reserved 1173504K
  class space    used 17554K, capacity 18923K, committed 19020K, reserved 1048576K
}
Event: 1835.606 GC heap after
{Heap after GC invocations=159 (full 0):
 garbage-first heap   total 398336K, used 279552K [0x0000000080000000, 0x0000000100000000)
  region size 1024K, 2 young (2048K), 2 survivors (2048K)
 Metaspace       used 139275K, capacity 142942K, committed 143312K, reserved 1173504K
  class space    used 17554K, capacity 18923K, committed 19020K, reserved 1048576K
}
Event: 1835.918 GC heap before
{Heap before GC invocations=159 (full 0):
 garbage-first heap   total 398336K, used 310272K [0x0000000080000000, 0x0000000100000000)
  region size 1024K, 32 young (32768K), 2 survivors (2048K)
 Metaspace       used 139298K, capacity 142946K, committed 143312K, reserved 1173504K
  class space    used 17554K, capacity 18923K, committed 19020K, reserved 1048576K
}
Event: 1835.949 GC heap after
{Heap after GC invocations=160 (full 0):
 garbage-first heap   total 398336K, used 295612K [0x0000000080000000, 0x0000000100000000)
  region size 1024K, 4 young (4096K), 4 survivors (4096K)
 Metaspace       used 139298K, capacity 142946K, committed 143312K, reserved 1173504K
  class space    used 17554K, capacity 18923K, committed 19020K, reserved 1048576K
}
Event: 1836.268 GC heap before
{Heap before GC invocations=160 (full 0):
 garbage-first heap   total 398336K, used 321212K [0x0000000080000000, 0x0000000100000000)
  region size 1024K, 29 young (29696K), 4 survivors (4096K)
 Metaspace       used 139343K, capacity 143010K, committed 143312K, reserved 1173504K
  class space    used 17554K, capacity 18923K, committed 19020K, reserved 1048576K
}
Event: 1836.298 GC heap after
{Heap after GC invocations=161 (full 0):
 garbage-first heap   total 398336K, used 309760K [0x0000000080000000, 0x0000000100000000)
  region size 1024K, 4 young (4096K), 4 survivors (4096K)
 Metaspace       used 139343K, capacity 143010K, committed 143312K, reserved 1173504K
  class space    used 17554K, capacity 18923K, committed 19020K, reserved 1048576K
}
Event: 1837.104 GC heap before
{Heap before GC invocations=161 (full 0):
 garbage-first heap   total 398336K, used 329216K [0x0000000080000000, 0x0000000100000000)
  region size 1024K, 24 young (24576K), 4 survivors (4096K)
 Metaspace       used 141311K, capacity 145027K, committed 145104K, reserved 1175552K
  class space    used 17832K, capacity 19231K, committed 19276K, reserved 1048576K
}
Event: 1837.124 GC heap after
{Heap after GC invocations=162 (full 0):
 garbage-first heap   total 398336K, used 317440K [0x0000000080000000, 0x0000000100000000)
  region size 1024K, 3 young (3072K), 3 survivors (3072K)
 Metaspace       used 141311K, capacity 145027K, committed 145104K, reserved 1175552K
  class space    used 17832K, capacity 19231K, committed 19276K, reserved 1048576K
}
Event: 1837.859 GC heap before
{Heap before GC invocations=162 (full 0):
 garbage-first heap   total 398336K, used 334848K [0x0000000080000000, 0x0000000100000000)
  region size 1024K, 21 young (21504K), 3 survivors (3072K)
 Metaspace       used 142337K, capacity 146246K, committed 146384K, reserved 1175552K
  class space    used 17985K, capacity 19469K, committed 19532K, reserved 1048576K
}

